<?xml version="1.0" encoding="UTF-8"?>
<testng-results skipped="0" failed="0" total="1" passed="1">
  <reporter-output>
  </reporter-output>
  <suite name="Default suite" duration-ms="44" started-at="2016-11-22T09:29:59Z" finished-at="2016-11-22T09:29:59Z">
    <groups>
    </groups>
    <test name="Default test" duration-ms="44" started-at="2016-11-22T09:29:59Z" finished-at="2016-11-22T09:29:59Z">
      <class name="com.test.example.ShortestDistanceTest">
        <test-method status="PASS" signature="testShortestDistanceCalculator()[pri:0, instance:com.test.example.ShortestDistanceTest@24273305]" name="testShortestDistanceCalculator" duration-ms="21" started-at="2016-11-22T12:29:59Z" finished-at="2016-11-22T12:29:59Z">
          <reporter-output>
          </reporter-output>
        </test-method> <!-- testShortestDistanceCalculator -->
      </class> <!-- com.test.example.ShortestDistanceTest -->
    </test> <!-- Default test -->
  </suite> <!-- Default suite -->
</testng-results>
